[2024-09-08 08:51:14Z INFO HostContext] No proxy settings were found based on environmental variables (http_proxy/https_proxy/HTTP_PROXY/HTTPS_PROXY)
[2024-09-08 08:51:14Z INFO HostContext] Well known directory 'Bin': 'C:\Users\TimaB\OneDrive\Рабочий стол\для всё\Всё\bots\TimaHubBot Tickets\actions-runner\bin'
[2024-09-08 08:51:14Z INFO HostContext] Well known directory 'Root': 'C:\Users\TimaB\OneDrive\Рабочий стол\для всё\Всё\bots\TimaHubBot Tickets\actions-runner'
[2024-09-08 08:51:14Z INFO HostContext] Well known config file 'Credentials': 'C:\Users\TimaB\OneDrive\Рабочий стол\для всё\Всё\bots\TimaHubBot Tickets\actions-runner\.credentials'
[2024-09-08 08:51:14Z INFO HostContext] Well known directory 'Bin': 'C:\Users\TimaB\OneDrive\Рабочий стол\для всё\Всё\bots\TimaHubBot Tickets\actions-runner\bin'
[2024-09-08 08:51:14Z INFO HostContext] Well known directory 'Root': 'C:\Users\TimaB\OneDrive\Рабочий стол\для всё\Всё\bots\TimaHubBot Tickets\actions-runner'
[2024-09-08 08:51:14Z INFO HostContext] Well known config file 'Runner': 'C:\Users\TimaB\OneDrive\Рабочий стол\для всё\Всё\bots\TimaHubBot Tickets\actions-runner\.runner'
[2024-09-08 08:51:14Z INFO Listener] Runner is built for Windows (X64) - win-x64.
[2024-09-08 08:51:14Z INFO Listener] RuntimeInformation: Microsoft Windows 10.0.19045.
[2024-09-08 08:51:14Z INFO Listener] Version: 2.291.0
[2024-09-08 08:51:14Z INFO Listener] Commit: dac4363206d060d98c5ba98c0fe76d81004c03e9
[2024-09-08 08:51:14Z INFO Listener] Culture: ru-RU
[2024-09-08 08:51:14Z INFO Listener] UI Culture: ru-RU
[2024-09-08 08:51:14Z INFO HostContext] Well known directory 'Bin': 'C:\Users\TimaB\OneDrive\Рабочий стол\для всё\Всё\bots\TimaHubBot Tickets\actions-runner\bin'
[2024-09-08 08:51:14Z INFO HostContext] Well known directory 'Root': 'C:\Users\TimaB\OneDrive\Рабочий стол\для всё\Всё\bots\TimaHubBot Tickets\actions-runner'
[2024-09-08 08:51:14Z INFO Listener] Validating directory permissions for: 'C:\Users\TimaB\OneDrive\Рабочий стол\для всё\Всё\bots\TimaHubBot Tickets\actions-runner'
[2024-09-08 08:51:14Z INFO CommandLineParser] Parse
[2024-09-08 08:51:14Z INFO CommandLineParser] Parsing 5 args
[2024-09-08 08:51:14Z INFO CommandLineParser] parsing argument
[2024-09-08 08:51:14Z INFO CommandLineParser] HasArgs: False
[2024-09-08 08:51:14Z INFO CommandLineParser] Adding Command: configure
[2024-09-08 08:51:14Z INFO CommandLineParser] parsing argument
[2024-09-08 08:51:14Z INFO CommandLineParser] HasArgs: True
[2024-09-08 08:51:14Z INFO CommandLineParser] arg: url
[2024-09-08 08:51:14Z INFO CommandLineParser] parsing argument
[2024-09-08 08:51:14Z INFO CommandLineParser] HasArgs: True
[2024-09-08 08:51:14Z INFO CommandLineParser] Adding option 'url': 'https://github.com/timaroblox5/TImaHubBot-Ticket'
[2024-09-08 08:51:14Z INFO CommandLineParser] parsing argument
[2024-09-08 08:51:14Z INFO CommandLineParser] HasArgs: True
[2024-09-08 08:51:14Z INFO CommandLineParser] arg: token
[2024-09-08 08:51:14Z INFO CommandLineParser] parsing argument
[2024-09-08 08:51:14Z INFO CommandLineParser] HasArgs: True
[2024-09-08 08:51:14Z INFO CommandLineParser] Adding option 'token': '***'
[2024-09-08 08:51:14Z INFO Listener] Arguments parsed
[2024-09-08 08:51:14Z INFO Runner] ExecuteCommand
[2024-09-08 08:51:14Z INFO ConfigurationStore] currentAssemblyLocation: C:\Users\TimaB\OneDrive\Рабочий стол\для всё\Всё\bots\TimaHubBot Tickets\actions-runner\bin\Runner.Listener.dll
[2024-09-08 08:51:14Z INFO HostContext] Well known directory 'Bin': 'C:\Users\TimaB\OneDrive\Рабочий стол\для всё\Всё\bots\TimaHubBot Tickets\actions-runner\bin'
[2024-09-08 08:51:14Z INFO ConfigurationStore] binPath: C:\Users\TimaB\OneDrive\Рабочий стол\для всё\Всё\bots\TimaHubBot Tickets\actions-runner\bin
[2024-09-08 08:51:14Z INFO HostContext] Well known directory 'Bin': 'C:\Users\TimaB\OneDrive\Рабочий стол\для всё\Всё\bots\TimaHubBot Tickets\actions-runner\bin'
[2024-09-08 08:51:14Z INFO HostContext] Well known directory 'Root': 'C:\Users\TimaB\OneDrive\Рабочий стол\для всё\Всё\bots\TimaHubBot Tickets\actions-runner'
[2024-09-08 08:51:14Z INFO ConfigurationStore] RootFolder: C:\Users\TimaB\OneDrive\Рабочий стол\для всё\Всё\bots\TimaHubBot Tickets\actions-runner
[2024-09-08 08:51:14Z INFO HostContext] Well known directory 'Bin': 'C:\Users\TimaB\OneDrive\Рабочий стол\для всё\Всё\bots\TimaHubBot Tickets\actions-runner\bin'
[2024-09-08 08:51:14Z INFO HostContext] Well known directory 'Root': 'C:\Users\TimaB\OneDrive\Рабочий стол\для всё\Всё\bots\TimaHubBot Tickets\actions-runner'
[2024-09-08 08:51:14Z INFO HostContext] Well known config file 'Runner': 'C:\Users\TimaB\OneDrive\Рабочий стол\для всё\Всё\bots\TimaHubBot Tickets\actions-runner\.runner'
[2024-09-08 08:51:14Z INFO ConfigurationStore] ConfigFilePath: C:\Users\TimaB\OneDrive\Рабочий стол\для всё\Всё\bots\TimaHubBot Tickets\actions-runner\.runner
[2024-09-08 08:51:14Z INFO HostContext] Well known directory 'Bin': 'C:\Users\TimaB\OneDrive\Рабочий стол\для всё\Всё\bots\TimaHubBot Tickets\actions-runner\bin'
[2024-09-08 08:51:14Z INFO HostContext] Well known directory 'Root': 'C:\Users\TimaB\OneDrive\Рабочий стол\для всё\Всё\bots\TimaHubBot Tickets\actions-runner'
[2024-09-08 08:51:14Z INFO HostContext] Well known config file 'Credentials': 'C:\Users\TimaB\OneDrive\Рабочий стол\для всё\Всё\bots\TimaHubBot Tickets\actions-runner\.credentials'
[2024-09-08 08:51:14Z INFO ConfigurationStore] CredFilePath: C:\Users\TimaB\OneDrive\Рабочий стол\для всё\Всё\bots\TimaHubBot Tickets\actions-runner\.credentials
[2024-09-08 08:51:14Z INFO HostContext] Well known directory 'Bin': 'C:\Users\TimaB\OneDrive\Рабочий стол\для всё\Всё\bots\TimaHubBot Tickets\actions-runner\bin'
[2024-09-08 08:51:14Z INFO HostContext] Well known directory 'Root': 'C:\Users\TimaB\OneDrive\Рабочий стол\для всё\Всё\bots\TimaHubBot Tickets\actions-runner'
[2024-09-08 08:51:14Z INFO HostContext] Well known config file 'MigratedCredentials': 'C:\Users\TimaB\OneDrive\Рабочий стол\для всё\Всё\bots\TimaHubBot Tickets\actions-runner\.credentials_migrated'
[2024-09-08 08:51:14Z INFO ConfigurationStore] MigratedCredFilePath: C:\Users\TimaB\OneDrive\Рабочий стол\для всё\Всё\bots\TimaHubBot Tickets\actions-runner\.credentials_migrated
[2024-09-08 08:51:14Z INFO HostContext] Well known directory 'Bin': 'C:\Users\TimaB\OneDrive\Рабочий стол\для всё\Всё\bots\TimaHubBot Tickets\actions-runner\bin'
[2024-09-08 08:51:14Z INFO HostContext] Well known directory 'Root': 'C:\Users\TimaB\OneDrive\Рабочий стол\для всё\Всё\bots\TimaHubBot Tickets\actions-runner'
[2024-09-08 08:51:14Z INFO HostContext] Well known config file 'Service': 'C:\Users\TimaB\OneDrive\Рабочий стол\для всё\Всё\bots\TimaHubBot Tickets\actions-runner\.service'
[2024-09-08 08:51:14Z INFO ConfigurationStore] ServiceConfigFilePath: C:\Users\TimaB\OneDrive\Рабочий стол\для всё\Всё\bots\TimaHubBot Tickets\actions-runner\.service
[2024-09-08 08:51:14Z INFO CommandSettings] Flag 'help': 'False'
[2024-09-08 08:51:14Z INFO CommandSettings] Flag 'version': 'False'
[2024-09-08 08:51:14Z INFO CommandSettings] Flag 'commit': 'False'
[2024-09-08 08:51:14Z INFO CommandSettings] Flag 'check': 'False'
[2024-09-08 08:51:14Z INFO CommandSettings] Command 'configure': 'True'
[2024-09-08 08:51:14Z INFO Terminal] WRITE LINE: 
[2024-09-08 08:51:14Z INFO Terminal] WRITE LINE: --------------------------------------------------------------------------------
[2024-09-08 08:51:14Z INFO Terminal] WRITE LINE: |        ____ _ _   _   _       _          _        _   _                      |
[2024-09-08 08:51:14Z INFO Terminal] WRITE LINE: |       / ___(_) |_| | | |_   _| |__      / \   ___| |_(_) ___  _ __  ___      |
[2024-09-08 08:51:14Z INFO Terminal] WRITE LINE: |      | |  _| | __| |_| | | | | '_ \    / _ \ / __| __| |/ _ \| '_ \/ __|     |
[2024-09-08 08:51:14Z INFO Terminal] WRITE LINE: |      | |_| | | |_|  _  | |_| | |_) |  / ___ \ (__| |_| | (_) | | | \__ \     |
[2024-09-08 08:51:14Z INFO Terminal] WRITE LINE: |       \____|_|\__|_| |_|\__,_|_.__/  /_/   \_\___|\__|_|\___/|_| |_|___/     |
[2024-09-08 08:51:14Z INFO Terminal] WRITE LINE: |                                                                              |
[2024-09-08 08:51:14Z INFO Terminal] WRITE: |                       
[2024-09-08 08:51:14Z INFO Terminal] WRITE: Self-hosted runner registration
[2024-09-08 08:51:14Z INFO Terminal] WRITE LINE:                         |
[2024-09-08 08:51:14Z INFO Terminal] WRITE LINE: |                                                                              |
[2024-09-08 08:51:14Z INFO Terminal] WRITE LINE: --------------------------------------------------------------------------------
[2024-09-08 08:51:14Z INFO ConfigurationManager] ConfigureAsync
[2024-09-08 08:51:14Z INFO ConfigurationStore] IsConfigured()
[2024-09-08 08:51:14Z INFO ConfigurationStore] IsConfigured: False
[2024-09-08 08:51:14Z INFO ConfigurationManager] Is configured: False
[2024-09-08 08:51:14Z INFO CommandSettings] Arg 'url': 'https://github.com/timaroblox5/TImaHubBot-Ticket'
[2024-09-08 08:51:14Z INFO CommandSettings] Remove url from Arg dictionary.
[2024-09-08 08:51:14Z INFO CommandSettings] Arg 'token': '***'
[2024-09-08 08:51:14Z INFO CommandSettings] Remove token from Arg dictionary.
[2024-09-08 08:51:15Z INFO ConfigurationManager] Http response code: OK from 'POST https://api.github.com/actions/runner-registration'
[2024-09-08 08:51:15Z INFO ConfigurationManager] cred retrieved via GitHub auth
[2024-09-08 08:51:15Z INFO RunnerServer] Establish connection with 100 seconds timeout.
[2024-09-08 08:51:15Z INFO GitHubActionsService] Starting operation Location.GetConnectionData
[2024-09-08 08:51:15Z INFO RunnerServer] Establish connection with 60 seconds timeout.
[2024-09-08 08:51:15Z INFO GitHubActionsService] Starting operation Location.GetConnectionData
[2024-09-08 08:51:15Z INFO RunnerServer] Establish connection with 60 seconds timeout.
[2024-09-08 08:51:15Z INFO GitHubActionsService] Starting operation Location.GetConnectionData
[2024-09-08 08:51:18Z INFO GitHubActionsService] Finished operation Location.GetConnectionData
[2024-09-08 08:51:18Z INFO GitHubActionsService] Finished operation Location.GetConnectionData
[2024-09-08 08:51:18Z INFO GitHubActionsService] Finished operation Location.GetConnectionData
[2024-09-08 08:51:18Z INFO Terminal] WRITE LINE: 
[2024-09-08 08:51:18Z INFO ConfigurationManager] Test Connection complete.
[2024-09-08 08:51:18Z INFO HostContext] Well known directory 'Bin': 'C:\Users\TimaB\OneDrive\Рабочий стол\для всё\Всё\bots\TimaHubBot Tickets\actions-runner\bin'
[2024-09-08 08:51:18Z INFO HostContext] Well known directory 'Root': 'C:\Users\TimaB\OneDrive\Рабочий стол\для всё\Всё\bots\TimaHubBot Tickets\actions-runner'
[2024-09-08 08:51:18Z INFO HostContext] Well known config file 'RSACredentials': 'C:\Users\TimaB\OneDrive\Рабочий стол\для всё\Всё\bots\TimaHubBot Tickets\actions-runner\.credentials_rsaparams'
[2024-09-08 08:51:18Z INFO RSAEncryptedFileKeyManager] Creating new RSA key using 2048-bit key length
[2024-09-08 08:51:18Z INFO RSAEncryptedFileKeyManager] Successfully saved RSA key parameters to file C:\Users\TimaB\OneDrive\Рабочий стол\для всё\Всё\bots\TimaHubBot Tickets\actions-runner\.credentials_rsaparams
[2024-09-08 08:51:19Z INFO CommandSettings] Arg 'runnergroup': ''
[2024-09-08 08:51:19Z INFO CommandSettings] Flag 'unattended': 'False'
[2024-09-08 08:51:19Z INFO PromptManager] ReadValue
[2024-09-08 08:51:19Z INFO Terminal] WRITE: Enter the name of the runner group to add this runner to: 
[2024-09-08 08:51:19Z INFO Terminal] WRITE: [press Enter for Default] 
[2024-09-08 08:51:19Z INFO Terminal] READ LINE
[2024-09-08 08:51:19Z INFO Terminal] Read value: ''
[2024-09-08 08:51:19Z INFO PromptManager] Falling back to the default: 'Default'
[2024-09-08 08:51:19Z INFO Terminal] WRITE LINE: 
[2024-09-08 08:51:19Z INFO ConfigurationManager] Found a self-hosted runner group with id 1 and name Default
[2024-09-08 08:51:19Z INFO CommandSettings] Flag 'disableupdate': 'False'
[2024-09-08 08:51:19Z INFO CommandSettings] Flag 'ephemeral': 'False'
[2024-09-08 08:51:19Z INFO CommandSettings] Arg 'name': ''
[2024-09-08 08:51:19Z INFO CommandSettings] Flag 'unattended': 'False'
[2024-09-08 08:51:19Z INFO PromptManager] ReadValue
[2024-09-08 08:51:19Z INFO Terminal] WRITE: Enter the name of runner: 
[2024-09-08 08:51:19Z INFO Terminal] WRITE: [press Enter for DESKTOP-U7TVH7U] 
[2024-09-08 08:51:19Z INFO Terminal] READ LINE
[2024-09-08 08:51:23Z INFO Terminal] Read value: ''
[2024-09-08 08:51:23Z INFO PromptManager] Falling back to the default: 'DESKTOP-U7TVH7U'
[2024-09-08 08:51:23Z INFO Terminal] WRITE LINE: 
[2024-09-08 08:51:23Z INFO CommandSettings] Arg 'labels': ''
[2024-09-08 08:51:23Z INFO CommandSettings] Flag 'unattended': 'False'
[2024-09-08 08:51:23Z INFO PromptManager] ReadValue
[2024-09-08 08:51:23Z INFO Terminal] WRITE: This runner will have the following labels: 'self-hosted', 'Windows', 'X64' 
Enter any additional labels (ex. label-1,label-2): 
[2024-09-08 08:51:23Z INFO Terminal] WRITE: [press Enter to skip] 
[2024-09-08 08:51:23Z INFO Terminal] READ LINE
[2024-09-08 08:51:26Z INFO Terminal] Read value: ''
[2024-09-08 08:51:26Z INFO Terminal] WRITE LINE: 
[2024-09-08 08:51:26Z INFO CommandSettings] Flag 'disableupdate': 'False'
[2024-09-08 08:51:26Z INFO CommandSettings] Flag 'disableupdate': 'False'
[2024-09-08 08:51:26Z INFO CommandSettings] Flag 'ephemeral': 'False'
[2024-09-08 08:51:26Z INFO ConfigurationStore] Saving OAuth credential @ C:\Users\TimaB\OneDrive\Рабочий стол\для всё\Всё\bots\TimaHubBot Tickets\actions-runner\.credentials
[2024-09-08 08:51:26Z INFO ConfigurationStore] Credentials Saved.
[2024-09-08 08:51:26Z INFO ConfigurationStore] HasCredentials()
[2024-09-08 08:51:26Z INFO ConfigurationStore] stored True
[2024-09-08 08:51:26Z INFO CredentialManager] GetCredentialProvider
[2024-09-08 08:51:26Z INFO CredentialManager] Creating type OAuth
[2024-09-08 08:51:26Z INFO CredentialManager] Creating credential type: OAuth
[2024-09-08 08:51:26Z INFO RSAEncryptedFileKeyManager] Loading RSA key parameters from file C:\Users\TimaB\OneDrive\Рабочий стол\для всё\Всё\bots\TimaHubBot Tickets\actions-runner\.credentials_rsaparams
[2024-09-08 08:51:26Z INFO RunnerServer] Establish connection with 100 seconds timeout.
[2024-09-08 08:51:26Z INFO GitHubActionsService] Starting operation Location.GetConnectionData
[2024-09-08 08:51:26Z INFO RunnerServer] Establish connection with 60 seconds timeout.
[2024-09-08 08:51:26Z INFO GitHubActionsService] Starting operation Location.GetConnectionData
[2024-09-08 08:51:26Z INFO RunnerServer] Establish connection with 60 seconds timeout.
[2024-09-08 08:51:26Z INFO GitHubActionsService] Starting operation Location.GetConnectionData
[2024-09-08 08:51:26Z INFO GitHubActionsService] Finished operation Location.GetConnectionData
[2024-09-08 08:51:27Z INFO GitHubActionsService] Finished operation Location.GetConnectionData
[2024-09-08 08:51:27Z INFO GitHubActionsService] Finished operation Location.GetConnectionData
[2024-09-08 08:51:27Z WARN GitHubActionsService] Authentication failed with status code 401.
Date: Sun, 08 Sep 2024 08:51:27 GMT
Server: Kestrel
Transfer-Encoding: chunked
WWW-Authenticate: Bearer
Strict-Transport-Security: max-age=2592000
X-TFS-ProcessId: d230f062-92f8-4911-bb12-70c9e513cab4
ActivityId: ff6aa456-1e2b-4e78-97ad-3df45eba599c
X-TFS-Session: b60bbf68-cf49-4f9d-80e1-02060de477a5
X-VSS-E2EID: c62dcd6c-19ad-4253-8395-5b114933f4fb
X-VSS-SenderDeploymentId: 6be79bb9-f6f7-24a7-0b27-e718f2ab4200
X-TFS-ServiceError: The+user+%27System%3aPublicAccess%3baaaaaaaa-aaaa-aaaa-aaaa-aaaaaaaaaaaa%27+is+not+authorized+to+access+this+resource.
X-VSS-S2STargetService: 0000005A-0000-8888-8000-000000000000/visualstudio.com

[2024-09-08 08:51:27Z INFO RSAEncryptedFileKeyManager] Loading RSA key parameters from file C:\Users\TimaB\OneDrive\Рабочий стол\для всё\Всё\bots\TimaHubBot Tickets\actions-runner\.credentials_rsaparams
[2024-09-08 08:51:27Z INFO RSAEncryptedFileKeyManager] Loading RSA key parameters from file C:\Users\TimaB\OneDrive\Рабочий стол\для всё\Всё\bots\TimaHubBot Tickets\actions-runner\.credentials_rsaparams
[2024-09-08 08:51:27Z INFO GitHubActionsService] AAD Correlation ID for this token request: Unknown
[2024-09-08 08:51:27Z INFO CommandSettings] Arg 'work': ''
[2024-09-08 08:51:27Z INFO CommandSettings] Flag 'unattended': 'False'
[2024-09-08 08:51:27Z INFO PromptManager] ReadValue
[2024-09-08 08:51:27Z INFO Terminal] WRITE: Enter name of work folder: 
[2024-09-08 08:51:27Z INFO Terminal] WRITE: [press Enter for _work] 
[2024-09-08 08:51:27Z INFO Terminal] READ LINE
[2024-09-08 08:51:32Z INFO Terminal] Read value: ''
[2024-09-08 08:51:32Z INFO PromptManager] Falling back to the default: '_work'
[2024-09-08 08:51:32Z INFO ConfigurationStore] Saving runner settings.
[2024-09-08 08:51:32Z INFO ConfigurationStore] Settings Saved.
[2024-09-08 08:51:32Z INFO Terminal] WRITE LINE: 
[2024-09-08 08:51:32Z INFO Terminal] WRITE LINE: 
[2024-09-08 08:51:32Z INFO CommandSettings] Flag 'runasservice': 'False'
[2024-09-08 08:51:32Z INFO CommandSettings] Flag 'unattended': 'False'
[2024-09-08 08:51:32Z INFO PromptManager] ReadValue
[2024-09-08 08:51:32Z INFO Terminal] WRITE: Would you like to run the runner as service? (Y/N) 
[2024-09-08 08:51:32Z INFO Terminal] WRITE: [press Enter for N] 
[2024-09-08 08:51:32Z INFO Terminal] READ LINE
[2024-09-08 08:51:34Z INFO Terminal] Read value: ''
[2024-09-08 08:51:34Z INFO PromptManager] Falling back to the default: 'N'
[2024-09-08 08:51:34Z INFO Listener] Runner execution has finished with return code 0
